  glad.c
  glslprogram.cpp
  glutils.cpp
  objmesh.cpp
C:\Users\tubs1\OneDrive - University of Plymouth\COMP3015 Games Graphics Pipelines\Assignment 1\Lab 1\COMP3015_CW1\helper\objmesh.cpp(188,41): warning C4267: '+=': conversion from 'size_t' to 'int', possible loss of data
C:\Users\tubs1\OneDrive - University of Plymouth\COMP3015 Games Graphics Pipelines\Assignment 1\Lab 1\COMP3015_CW1\helper\objmesh.cpp(194,48): warning C4267: '+=': conversion from 'size_t' to 'int', possible loss of data
C:\Users\tubs1\OneDrive - University of Plymouth\COMP3015 Games Graphics Pipelines\Assignment 1\Lab 1\COMP3015_CW1\helper\objmesh.cpp(198,43): warning C4267: '+=': conversion from 'size_t' to 'int', possible loss of data
  plane.cpp
  trianglemesh.cpp
  main.cpp
  scenebasic_uniform.cpp
  Generating Code...
  LINK : C:\Users\tubs1\OneDrive - University of Plymouth\COMP3015 Games Graphics Pipelines\Assignment 1\Lab 1\COMP3015_CW1\x64\Debug\Project_Template.exe not found or not built by the last incremental link; performing full link
glfw3.lib(init.obj) : warning LNK4099: PDB '' was not found with 'glfw3.lib(init.obj)' or at ''; linking object as if no debug info
glfw3.lib(window.obj) : warning LNK4099: PDB '' was not found with 'glfw3.lib(window.obj)' or at ''; linking object as if no debug info
glfw3.lib(input.obj) : warning LNK4099: PDB '' was not found with 'glfw3.lib(input.obj)' or at ''; linking object as if no debug info
glfw3.lib(context.obj) : warning LNK4099: PDB '' was not found with 'glfw3.lib(context.obj)' or at ''; linking object as if no debug info
glfw3.lib(win32_time.obj) : warning LNK4099: PDB '' was not found with 'glfw3.lib(win32_time.obj)' or at ''; linking object as if no debug info
glfw3.lib(win32_thread.obj) : warning LNK4099: PDB '' was not found with 'glfw3.lib(win32_thread.obj)' or at ''; linking object as if no debug info
glfw3.lib(platform.obj) : warning LNK4099: PDB '' was not found with 'glfw3.lib(platform.obj)' or at ''; linking object as if no debug info
glfw3.lib(monitor.obj) : warning LNK4099: PDB '' was not found with 'glfw3.lib(monitor.obj)' or at ''; linking object as if no debug info
glfw3.lib(vulkan.obj) : warning LNK4099: PDB '' was not found with 'glfw3.lib(vulkan.obj)' or at ''; linking object as if no debug info
glfw3.lib(win32_init.obj) : warning LNK4099: PDB '' was not found with 'glfw3.lib(win32_init.obj)' or at ''; linking object as if no debug info
glfw3.lib(null_init.obj) : warning LNK4099: PDB '' was not found with 'glfw3.lib(null_init.obj)' or at ''; linking object as if no debug info
glfw3.lib(win32_module.obj) : warning LNK4099: PDB '' was not found with 'glfw3.lib(win32_module.obj)' or at ''; linking object as if no debug info
glfw3.lib(win32_monitor.obj) : warning LNK4099: PDB '' was not found with 'glfw3.lib(win32_monitor.obj)' or at ''; linking object as if no debug info
glfw3.lib(win32_window.obj) : warning LNK4099: PDB '' was not found with 'glfw3.lib(win32_window.obj)' or at ''; linking object as if no debug info
glfw3.lib(win32_joystick.obj) : warning LNK4099: PDB '' was not found with 'glfw3.lib(win32_joystick.obj)' or at ''; linking object as if no debug info
glfw3.lib(wgl_context.obj) : warning LNK4099: PDB '' was not found with 'glfw3.lib(wgl_context.obj)' or at ''; linking object as if no debug info
glfw3.lib(egl_context.obj) : warning LNK4099: PDB '' was not found with 'glfw3.lib(egl_context.obj)' or at ''; linking object as if no debug info
glfw3.lib(osmesa_context.obj) : warning LNK4099: PDB '' was not found with 'glfw3.lib(osmesa_context.obj)' or at ''; linking object as if no debug info
glfw3.lib(null_monitor.obj) : warning LNK4099: PDB '' was not found with 'glfw3.lib(null_monitor.obj)' or at ''; linking object as if no debug info
glfw3.lib(null_window.obj) : warning LNK4099: PDB '' was not found with 'glfw3.lib(null_window.obj)' or at ''; linking object as if no debug info
glfw3.lib(null_joystick.obj) : warning LNK4099: PDB '' was not found with 'glfw3.lib(null_joystick.obj)' or at ''; linking object as if no debug info
  Project_Template.vcxproj -> C:\Users\tubs1\OneDrive - University of Plymouth\COMP3015 Games Graphics Pipelines\Assignment 1\Lab 1\COMP3015_CW1\x64\Debug\Project_Template.exe
